<?xml version="1.0" encoding="UTF-8"?>
<!-- Generated by org.testng.reporters.JUnitReportReporter -->
<testsuite skipped="0" hostname="LAPTOP-6PMG4GFQ" name="AccountFeature" tests="3" failures="0" timestamp="22 Sep 2018 15:52:32 GMT" time="89.411" errors="0">
  <testcase name="login" time="34.625" classname="AccountFeature"/>
  <testcase name="logout" time="38.469" classname="AccountFeature"/>
  <testcase name="addAddress" time="16.317" classname="AccountFeature"/>
</testsuite> <!-- AccountFeature -->
